<?xml version="1.0" encoding="UTF-8"?>
<!-- Generated by org.testng.reporters.JUnitReportReporter -->
<testsuite hostname="LAPTOP-7PL90270" failures="0" tests="1" name="chaining.UpdateIncident" time="3.560" errors="0" timestamp="2023-11-26T16:22:14 IST" skipped="0">
  <testcase classname="chaining.UpdateIncident" name="updateIncident" time="3.560"/>
  <system-out/>
</testsuite> <!-- chaining.UpdateIncident -->
