<?xml version="1.0" encoding="UTF-8"?>
<!-- Generated by org.testng.reporters.JUnitReportReporter -->
<testsuite hostname="LAPTOP-7PL90270" failures="0" tests="1" name="week3.day1assignment.GetAllCRQPR" time="5.836" errors="0" timestamp="2023-11-26T11:22:12 IST" skipped="0">
  <testcase classname="week3.day1assignment.GetAllCRQPR" name="getusingqpr" time="5.836"/>
  <system-out/>
</testsuite> <!-- week3.day1assignment.GetAllCRQPR -->
