<?xml version="1.0" encoding="UTF-8"?>
<!-- Generated by org.testng.reporters.JUnitReportReporter -->
<testsuite hostname="LAPTOP-7PL90270" failures="0" tests="1" name="ChainingCR.UpdateCR" time="3.657" errors="0" timestamp="2023-11-26T16:16:51 IST" skipped="0">
  <testcase classname="ChainingCR.UpdateCR" name="updateChangeCR" time="3.657"/>
  <system-out/>
</testsuite> <!-- ChainingCR.UpdateCR -->
