<?xml version="1.0" encoding="UTF-8"?>
<!-- Generated by org.testng.reporters.JUnitReportReporter -->
<testsuite hostname="LAPTOP-7PL90270" failures="0" tests="1" name="assertions.GetAllCRsingleQPR" time="4.268" errors="0" timestamp="2023-11-26T18:24:58 IST" skipped="0">
  <testcase classname="assertions.GetAllCRsingleQPR" name="getusingsingleqpr" time="4.268"/>
  <system-out/>
</testsuite> <!-- assertions.GetAllCRsingleQPR -->
