<?xml version="1.0" encoding="UTF-8"?>
<!-- Generated by org.testng.reporters.JUnitReportReporter -->
<testsuite hostname="LAPTOP-7PL90270" failures="0" tests="1" name="chaining.CreateIncident" time="5.953" errors="0" timestamp="2023-11-26T16:22:14 IST" skipped="0">
  <testcase classname="chaining.CreateIncident" name="createIncident" time="5.953"/>
  <system-out/>
</testsuite> <!-- chaining.CreateIncident -->
