<?xml version="1.0" encoding="UTF-8"?>
<!-- Generated by org.testng.reporters.JUnitReportReporter -->
<testsuite hostname="LAPTOP-7PL90270" failures="0" tests="1" name="week3.day1.CreateIncident" time="11.541" errors="0" timestamp="2023-11-25T17:23:05 IST" skipped="0">
  <testcase classname="week3.day1.CreateIncident" name="createIncident" time="11.541"/>
  <system-out/>
</testsuite> <!-- week3.day1.CreateIncident -->
