<?xml version="1.0" encoding="UTF-8"?>
<!-- Generated by org.testng.reporters.JUnitReportReporter -->
<testsuite hostname="LAPTOP-7PL90270" failures="0" tests="1" name="assertions.CreateCR" time="6.586" errors="0" timestamp="2023-11-26T18:24:58 IST" skipped="0">
  <testcase classname="assertions.CreateCR" name="createChangeCR" time="6.586"/>
  <system-out/>
</testsuite> <!-- assertions.CreateCR -->
