<?xml version="1.0" encoding="UTF-8"?>
<!-- Generated by org.testng.reporters.JUnitReportReporter -->
<testsuite hostname="LAPTOP-7PL90270" failures="0" tests="1" name="week3.day2.assignment.DeleteIssue" time="0.598" errors="0" timestamp="2023-11-28T21:45:32 IST" skipped="0">
  <testcase classname="week3.day2.assignment.DeleteIssue" name="delete" time="0.598"/>
  <system-out/>
</testsuite> <!-- week3.day2.assignment.DeleteIssue -->
