<?xml version="1.0" encoding="UTF-8"?>
<!-- Generated by org.testng.reporters.JUnitReportReporter -->
<testsuite hostname="LAPTOP-7PL90270" failures="0" tests="1" name="week3.day1.CreateIncidentWithJsonFile" time="8.007" errors="0" timestamp="2023-11-26T10:08:05 IST" skipped="0">
  <testcase classname="week3.day1.CreateIncidentWithJsonFile" name="createincidentwithJson" time="8.007"/>
  <system-out/>
</testsuite> <!-- week3.day1.CreateIncidentWithJsonFile -->
