<?xml version="1.0" encoding="UTF-8"?>
<!-- Generated by org.testng.reporters.JUnitReportReporter -->
<testsuite hostname="LAPTOP-7PL90270" failures="0" tests="1" name="ChainingCR.CreateCR" time="11.512" errors="0" timestamp="2023-11-26T16:16:51 IST" skipped="0">
  <testcase classname="ChainingCR.CreateCR" name="createChangeCR" time="11.512"/>
  <system-out/>
</testsuite> <!-- ChainingCR.CreateCR -->
